<?xml version="1.0" encoding="utf-8"?><testsuites name="pytest tests"><testsuite name="pytest" errors="4" failures="0" skipped="0" tests="4" time="0.299" timestamp="2025-11-28T09:21:48.439587+02:00" hostname="dee-pc"><testcase classname="" name="tests.strategy_e.test_rule_spec_validator" time="0.000"><error message="collection failure">ImportError while importing test module '/home/dee/workspace/AI/GuardSuite/guardsuite-specs/tests/strategy_e/test_rule_spec_validator.py'.
Hint: make sure your test modules/packages have valid Python names.
Traceback:
/home/dee/.pyenv/versions/3.11.9/lib/python3.11/importlib/__init__.py:126: in import_module
    return _bootstrap._gcd_import(name[level:], package, level)
           ^^^^^^^^^^^^^^^^^^^^^^^^^^^^^^^^^^^^^^^^^^^^^^^^^^^^
tests/strategy_e/test_rule_spec_validator.py:2: in &lt;module&gt;
    from strategy_e.validators.rule_spec_validator import validate_rule_spec
E   ModuleNotFoundError: No module named 'strategy_e'</error></testcase><testcase classname="" name="tests.strategy_e.test_rule_spec_validator_strict" time="0.000"><error message="collection failure">ImportError while importing test module '/home/dee/workspace/AI/GuardSuite/guardsuite-specs/tests/strategy_e/test_rule_spec_validator_strict.py'.
Hint: make sure your test modules/packages have valid Python names.
Traceback:
/home/dee/.pyenv/versions/3.11.9/lib/python3.11/importlib/__init__.py:126: in import_module
    return _bootstrap._gcd_import(name[level:], package, level)
           ^^^^^^^^^^^^^^^^^^^^^^^^^^^^^^^^^^^^^^^^^^^^^^^^^^^^
tests/strategy_e/test_rule_spec_validator_strict.py:3: in &lt;module&gt;
    from strategy_e.validators.rule_spec_validator import validate_rule_spec
E   ModuleNotFoundError: No module named 'strategy_e'</error></testcase><testcase classname="" name="tests.test_computeguard_adapter" time="0.000"><error message="collection failure">ImportError while importing test module '/home/dee/workspace/AI/GuardSuite/guardsuite-specs/tests/test_computeguard_adapter.py'.
Hint: make sure your test modules/packages have valid Python names.
Traceback:
/home/dee/.pyenv/versions/3.11.9/lib/python3.11/importlib/__init__.py:126: in import_module
    return _bootstrap._gcd_import(name[level:], package, level)
           ^^^^^^^^^^^^^^^^^^^^^^^^^^^^^^^^^^^^^^^^^^^^^^^^^^^^
tests/test_computeguard_adapter.py:1: in &lt;module&gt;
    from strategy_e.adapters.computeguard_adapter import evaluate
E   ImportError: cannot import name 'evaluate' from 'strategy_e.adapters.computeguard_adapter' (/home/dee/workspace/AI/GuardSuite/guardsuite-specs/strategy_e/adapters/computeguard_adapter.py)</error></testcase><testcase classname="" name="tests.test_pipeline_adapter" time="0.000"><error message="collection failure">ImportError while importing test module '/home/dee/workspace/AI/GuardSuite/guardsuite-specs/tests/test_pipeline_adapter.py'.
Hint: make sure your test modules/packages have valid Python names.
Traceback:
/home/dee/.pyenv/versions/3.11.9/lib/python3.11/importlib/__init__.py:126: in import_module
    return _bootstrap._gcd_import(name[level:], package, level)
           ^^^^^^^^^^^^^^^^^^^^^^^^^^^^^^^^^^^^^^^^^^^^^^^^^^^^
tests/test_pipeline_adapter.py:1: in &lt;module&gt;
    from strategy_e.adapters.pipeline_adapter import evaluate
E   ImportError: cannot import name 'evaluate' from 'strategy_e.adapters.pipeline_adapter' (/home/dee/workspace/AI/GuardSuite/guardsuite-specs/strategy_e/adapters/pipeline_adapter.py)</error></testcase></testsuite></testsuites>