<?xml version="1.0" encoding="utf-8"?><testsuites name="pytest tests"><testsuite name="pytest" errors="2" failures="0" skipped="0" tests="2" time="0.388" timestamp="2025-11-28T09:20:50.839342+02:00" hostname="dee-pc"><testcase classname="" name="tests.test_computeguard_adapter" time="0.000"><error message="collection failure">ImportError while importing test module '/home/dee/workspace/AI/GuardSuite/guardsuite-specs/tests/test_computeguard_adapter.py'.
Hint: make sure your test modules/packages have valid Python names.
Traceback:
/home/dee/.pyenv/versions/3.11.9/lib/python3.11/importlib/__init__.py:126: in import_module
    return _bootstrap._gcd_import(name[level:], package, level)
           ^^^^^^^^^^^^^^^^^^^^^^^^^^^^^^^^^^^^^^^^^^^^^^^^^^^^
tests/test_computeguard_adapter.py:1: in &lt;module&gt;
    from strategy_e.adapters.computeguard_adapter import evaluate
E   ImportError: cannot import name 'evaluate' from 'strategy_e.adapters.computeguard_adapter' (/home/dee/workspace/AI/GuardSuite/guardsuite-specs/strategy_e/adapters/computeguard_adapter.py)</error></testcase><testcase classname="" name="tests.test_pipeline_adapter" time="0.000"><error message="collection failure">ImportError while importing test module '/home/dee/workspace/AI/GuardSuite/guardsuite-specs/tests/test_pipeline_adapter.py'.
Hint: make sure your test modules/packages have valid Python names.
Traceback:
/home/dee/.pyenv/versions/3.11.9/lib/python3.11/importlib/__init__.py:126: in import_module
    return _bootstrap._gcd_import(name[level:], package, level)
           ^^^^^^^^^^^^^^^^^^^^^^^^^^^^^^^^^^^^^^^^^^^^^^^^^^^^
tests/test_pipeline_adapter.py:1: in &lt;module&gt;
    from strategy_e.adapters.pipeline_adapter import evaluate
E   ImportError: cannot import name 'evaluate' from 'strategy_e.adapters.pipeline_adapter' (/home/dee/workspace/AI/GuardSuite/guardsuite-specs/strategy_e/adapters/pipeline_adapter.py)</error></testcase></testsuite></testsuites>