................s....................................................... [ 13%]
.........................F
=================================== FAILURES ===================================
____________________ test_audit_ledger_rejects_outside_repo ____________________

tmp_path = PosixPath('/tmp/pytest-of-dee/pytest-0/test_audit_ledger_rejects_outs0')

>   ???
E   AssertionError: assert 'audit ledger output must stay under' in 'Error: requested output path is outside the repository audit area.\n  Requested: /tmp/pytest-of-dee/pytest-0/test_aud...ectorScan/run_scan.sh -i <plan> -o /tmp/pytest-of-dee/pytest-0/test_audit_ledger_rejects_outs0/evil.yaml\n\nExiting.\n'
E    +  where 'Error: requested output path is outside the repository audit area.\n  Requested: /tmp/pytest-of-dee/pytest-0/test_aud...ectorScan/run_scan.sh -i <plan> -o /tmp/pytest-of-dee/pytest-0/test_audit_ledger_rejects_outs0/evil.yaml\n\nExiting.\n' = CompletedProcess(args=['/home/dee/workspace/AI/GuardSuite/VectorScan/run_scan.sh', '-i', '/home/dee/workspace/AI/Guard...ctorScan/run_scan.sh -i <plan> -o /tmp/pytest-of-dee/pytest-0/test_audit_ledger_rejects_outs0/evil.yaml\n\nExiting.\n').stderr

/home/dee/workspace/AI/VectorScan/tests/test_audit_ledger.py:118: AssertionError
=========================== short test summary info ============================
SKIPPED [1] tests/integration/test_api_cli_integration.py:88: CORS headers require running the real HTTP server; skipped in integration test
FAILED tests/test_audit_ledger.py::test_audit_ledger_rejects_outside_repo - A...
!!!!!!!!!!!!!!!!!!!!!!!!!! stopping after 1 failures !!!!!!!!!!!!!!!!!!!!!!!!!!!
1 failed, 96 passed, 1 skipped, 43 warnings in 48.83s
