<?xml version="1.0" encoding="utf-8"?><testsuites name="pytest tests"><testsuite name="pytest" errors="0" failures="2" skipped="0" tests="67" time="0.794" timestamp="2025-11-28T12:59:00.062124+02:00" hostname="dee-pc"><testcase classname="tests.strategy_e.test_rule_spec_validator" name="test_base_rule_spec_valid" time="0.004" /><testcase classname="tests.strategy_e.test_rule_spec_validator" name="test_validator_detects_missing_fields" time="0.004" /><testcase classname="tests.strategy_e.test_rule_spec_validator_strict" name="test_strict_valid_spec_passes" time="0.002" /><testcase classname="tests.strategy_e.test_rule_spec_validator_strict" name="test_invalid_rule_id_fails" time="0.002" /><testcase classname="tests.strategy_e.test_rule_spec_validator_strict" name="test_missing_outputs_fields" time="0.002" /><testcase classname="tests.test_ai_consumer" name="test_ai_consumer_runs_and_outputs_analysis" time="0.072" /><testcase classname="tests.test_ai_consumer_extra" name="test_analyze_repos_index_basic" time="0.001" /><testcase classname="tests.test_ai_consumer_extra" name="test_llm_opt_in_noop" time="0.001" /><testcase classname="tests.test_bootstrap_generator" name="test_generate_bootstrap_creates_artifact" time="0.001" /><testcase classname="tests.test_bootstrap_generator" name="test_create_bootstrap_requires_product" time="0.002" /><testcase classname="tests.test_bootstrap_generator" name="test_list_bootstraps_returns_sorted_artifacts" time="0.002" /><testcase classname="tests.test_computeguard_adapter" name="test_computeguard_adapter_basic" time="0.001"><failure message="AssertionError: assert 'violations' in {'score': 0, 'status': 'noop'}">def test_computeguard_adapter_basic():
        resource = {
            "plan_id": "sample",
            "resources": [{"content": "short\nlonger line content"}],
        }
        result = evaluate(
            resource,
            rules=[{"validation": {"checks": [{"type": "line_length", "max": 10}]}}],
            dry_run=True,
        )
        assert isinstance(result, dict)
&gt;       assert "violations" in result
E       AssertionError: assert 'violations' in {'score': 0, 'status': 'noop'}

tests/test_computeguard_adapter.py:15: AssertionError</failure></testcase><testcase classname="tests.test_done_contract_enforcement" name="test_done_contract_enforcement" time="0.004" /><testcase classname="tests.test_done_contract_state_transition" name="test_state_transition_detection" time="0.004" /><testcase classname="tests.test_drift_forecast_engine" name="test_moving_average_basic" time="0.000" /><testcase classname="tests.test_drift_forecast_engine" name="test_linear_regression_predict_simple" time="0.000" /><testcase classname="tests.test_drift_forecast_engine" name="test_exponential_smoothing_predict" time="0.001" /><testcase classname="tests.test_drift_forecast_engine" name="test_ensemble_prediction_behaviour" time="0.000" /><testcase classname="tests.test_drift_forecast_regression_guard" name="test_regression_guard_matches_forecast_file" time="0.004" /><testcase classname="tests.test_ingest" name="test_ingest_success" time="0.000" /><testcase classname="tests.test_markdown_normalization" name="test_markdown_normalization" time="0.005" /><testcase classname="tests.test_pipeline_adapter" name="test_pipeline_adapter_basic" time="0.001"><failure message="AssertionError: assert 'violations' in {'score': 0, 'status': 'noop'}">def test_pipeline_adapter_basic():
        resource = {
            "plan_id": "test-plan",
            "resources": [{"content": "short\nline"}],
        }
        result = evaluate(
            resource,
            rules=[{"validation": {"checks": [{"type": "line_length", "max": 120}]}}],
            dry_run=True,
        )
        assert isinstance(result, dict)
&gt;       assert "violations" in result
E       AssertionError: assert 'violations' in {'score': 0, 'status': 'noop'}

tests/test_pipeline_adapter.py:15: AssertionError</failure></testcase><testcase classname="tests.test_pipeline_backup_dir" name="test_backup_written_to_custom_dir" time="0.002" /><testcase classname="tests.test_pipeline_backup_dir" name="test_backup_dir_not_used_in_dry_run" time="0.001" /><testcase classname="tests.test_pipeline_backups_and_dryrun" name="test_dry_run_produces_no_backup" time="0.001" /><testcase classname="tests.test_pipeline_backups_and_dryrun" name="test_real_run_creates_backup_and_changes_file" time="0.001" /><testcase classname="tests.test_product_metadata_contract_v2" name="test_marketing_sections_have_content[product_index]" time="0.001" /><testcase classname="tests.test_product_metadata_contract_v2" name="test_marketing_ctas_have_valid_hyperlinks[product_index]" time="0.000" /><testcase classname="tests.test_product_metadata_contract_v2" name="test_release_notes_url_matches_product_identity[product_index]" time="0.001" /><testcase classname="tests.test_product_metadata_contract_v2" name="test_maintainers_contacts_are_emails[product_index]" time="0.000" /><testcase classname="tests.test_product_metadata_contract_v2" name="test_governance_domains_have_minimum_entries[product_index]" time="0.000" /><testcase classname="tests.test_product_metadata_contract_v2" name="test_features_have_unique_and_well_formed_ids[product_index]" time="0.001" /><testcase classname="tests.test_product_metadata_contract_v2" name="test_security_contract_has_required_booleans[product_index]" time="0.001" /><testcase classname="tests.test_product_metadata_contract_v2" name="test_fixpack_hint_format_contains_issue_placeholder[product_index]" time="0.001" /><testcase classname="tests.test_product_metadata_contract_v2" name="test_related_products_reference_known_ids[product_index]" time="0.000" /><testcase classname="tests.test_product_runtime_contracts" name="test_cli_base_command_matches_product_id[product_index]" time="0.000" /><testcase classname="tests.test_product_runtime_contracts" name="test_cli_scan_command_aligns_with_base_command[product_index]" time="0.000" /><testcase classname="tests.test_product_runtime_contracts" name="test_cli_supported_flags_include_json[product_index]" time="0.000" /><testcase classname="tests.test_product_runtime_contracts" name="test_api_rest_endpoint_uses_https[product_index]" time="0.000" /><testcase classname="tests.test_product_runtime_contracts" name="test_performance_constraints_have_positive_targets[product_index]" time="0.000" /><testcase classname="tests.test_product_runtime_contracts" name="test_guardscore_severity_penalties_descend[product_index]" time="0.000" /><testcase classname="tests.test_product_runtime_contracts" name="test_playground_integration_declares_wasm_safety[product_index]" time="0.001" /><testcase classname="tests.test_product_runtime_contracts" name="test_guardboard_integration_declares_badge_controls[product_index]" time="0.001" /><testcase classname="tests.test_product_schema_contract" name="test_yaml_schema_contract_is_consistent" time="0.024" /><testcase classname="tests.test_product_semantics" name="test_compliance_and_purpose_alignment" time="0.022" /><testcase classname="tests.test_release_metadata" name="test_release_metadata_is_consistent" time="0.021" /><testcase classname="tests.test_repair_runner" name="test_normalize_and_diff" time="0.002" /><testcase classname="tests.test_repair_runner_dir" name="test_run_directory_dryrun_creates_diffs" time="0.004" /><testcase classname="tests.test_repo_scanner" name="test_compute_complexity_profile" time="0.010" /><testcase classname="tests.test_repo_scanner" name="test_compute_spec_coverage" time="0.001" /><testcase classname="tests.test_repo_scanner" name="test_scoring_loop_basic" time="0.006" /><testcase classname="tests.test_repo_scanner" name="test_compute_spec_coverage_simple" time="0.008" /><testcase classname="tests.test_repo_scanner_more" name="test_scoring_loop_structure" time="0.024" /><testcase classname="tests.test_repo_scanner_more" name="test_version_and_drift_detection_details" time="0.010" /><testcase classname="tests.test_repo_scanner_more" name="test_check_dependencies_behavior" time="0.010" /><testcase classname="tests.test_repo_scanner_more" name="test_aggregate_and_serialize" time="0.039" /><testcase classname="tests.test_rules_apply_in_order" name="test_rules_apply_in_order" time="0.004" /><testcase classname="tests.test_stages" name="test_stage_order" time="0.001" /><testcase classname="tests.test_state_transition_negative" name="test_state_transition_negative" time="0.006" /><testcase classname="tests.test_targeted_test_aggregation" name="test_targeted_test_aggregation" time="0.006" /><testcase classname="tests.test_template_field_coverage" name="test_required_fields_have_template_references" time="0.006" /><testcase classname="tests.test_template_field_coverage" name="test_templates_do_not_reference_removed_fields" time="0.003" /><testcase classname="tests.test_template_field_coverage" name="test_all_product_yaml_fields_are_known" time="0.032" /><testcase classname="tests.test_yaml_normalization_roundtrip" name="test_yaml_normalization_roundtrip" time="0.007" /><testcase classname="tests.test_yaml_validity" name="test_all_yaml_files_parse_and_contain_required_keys" time="0.056" /><testcase classname="tests.tools.test_rule_engine_integration" name="test_adapters_scaffolded_considers_flake8" time="0.052" /><testcase classname="tests.tools.test_rule_engine_negative_flake8" name="test_adapters_scaffolded_blocks_on_flake8_failure" time="0.053" /></testsuite></testsuites>